
> farm-konnect@1.0.0 start
> react-scripts start

(node:6667) [DEP_WEBPACK_DEV_SERVER_ON_AFTER_SETUP_MIDDLEWARE] DeprecationWarning: 'onAfterSetupMiddleware' option is deprecated. Please use the 'setupMiddlewares' option.
(Use `node --trace-deprecation ...` to show where the warning was created)
(node:6667) [DEP_WEBPACK_DEV_SERVER_ON_BEFORE_SETUP_MIDDLEWARE] DeprecationWarning: 'onBeforeSetupMiddleware' option is deprecated. Please use the 'setupMiddlewares' option.
Starting the development server...

Compiled with warnings.

[eslint]
src/pages/LandingPage.jsx
  Line 2:10:  'MapPin' is defined but never used        no-unused-vars
  Line 5:8:   'landownerImg' is defined but never used  no-unused-vars
  Line 6:8:   'farmerImg' is defined but never used     no-unused-vars

Search for the keywords to learn more about each warning.
To ignore, add // eslint-disable-next-line to the line before.

WARNING in [eslint]
src/pages/LandingPage.jsx
  Line 2:10:  'MapPin' is defined but never used        no-unused-vars
  Line 5:8:   'landownerImg' is defined but never used  no-unused-vars
  Line 6:8:   'farmerImg' is defined but never used     no-unused-vars

webpack compiled with 1 warning
